<?xml version="1.0" encoding="UTF-8"?>
<!-- Generated by org.testng.reporters.JUnitReportReporter -->
<testsuite skipped="0" hostname="kushan" name="Test.test_get" tests="3" failures="0" timestamp="09 Dec 2018 06:20:31 GMT" time="13.464" errors="0">
  <testcase name="get_test_req_chennai" time="4.488" classname="Test.test_get"/>
  <testcase name="get_test_req_mumbai" time="4.488" classname="Test.test_get"/>
  <testcase name="get_test_req_pune" time="4.488" classname="Test.test_get"/>
</testsuite> <!-- Test.test_get -->
