<?xml version="1.0" encoding="UTF-8"?>
<!-- Generated by org.testng.reporters.JUnitReportReporter -->
<testsuite skipped="0" hostname="kushan" name="Test.test_delete" tests="1" failures="0" timestamp="08 Dec 2018 15:08:31 GMT" time="7.419" errors="0">
  <testcase name="post_test_req" time="7.419" classname="Test.test_delete"/>
</testsuite> <!-- Test.test_delete -->
