<?xml version="1.0" encoding="UTF-8"?>
<!-- Generated by org.testng.reporters.JUnitReportReporter -->
<testsuite skipped="0" hostname="kushan" name="Test.test_put" tests="1" failures="0" timestamp="08 Dec 2018 14:15:46 GMT" time="7.199" errors="0">
  <testcase name="put_test_req" time="7.199" classname="Test.test_put"/>
</testsuite> <!-- Test.test_put -->
