<?xml version="1.0" encoding="UTF-8"?>
<!-- Generated by org.testng.reporters.JUnitReportReporter -->
<testsuite skipped="0" hostname="kushan" name="Runner.TestRunner" tests="1" failures="0" timestamp="08 Dec 2018 15:33:17 GMT" time="6.432" errors="0">
  <testcase name="feature" time="6.432" classname="Runner.TestRunner"/>
</testsuite> <!-- Runner.TestRunner -->
