<?xml version="1.0" encoding="UTF-8"?>
<!-- Generated by org.testng.reporters.JUnitReportReporter -->
<testsuite skipped="0" hostname="kushan" name="Test.test_post" tests="1" failures="0" timestamp="08 Dec 2018 14:06:03 GMT" time="5.939" errors="0">
  <testcase name="post_test_req" time="5.939" classname="Test.test_post"/>
</testsuite> <!-- Test.test_post -->
